<?xml version="1.0" encoding="UTF-8"?>
<!-- Generated by org.testng.reporters.JUnitXMLReporter -->
<testsuite hostname="supershuttle-Studio-1558" name="Smoke Testcases" tests="4" failures="0" timestamp="28 Jun 2016 01:37:15 GMT" time="0.062" errors="0">
  <testcase name="software" time="0.011" classname="testngFiles.Annot2"/>
  <testcase name="aOpenBrowser" time="0.002" classname="testngFiles.Annotations"/>
  <testcase name="flightBooking" time="0.0" classname="testngFiles.Annotations">
    <skipped/>
  </testcase> <!-- flightBooking -->
  <testcase name="flightCancelling" time="0.003" classname="testngFiles.Annotations"/>
</testsuite> <!-- Smoke Testcases -->
