<?xml version="1.0" encoding="UTF-8"?>
<testng-results skipped="1" failed="0" total="4" passed="3">
  <reporter-output>
  </reporter-output>
  <suite name="Automation" duration-ms="62" started-at="2016-06-28T01:37:15Z" finished-at="2016-06-28T01:37:15Z">
    <groups>
      <group name="Priority2">
        <method signature="Annotations.flightCancelling()[pri:0, instance:testngFiles.Annotations@402f32ff]" name="flightCancelling" class="testngFiles.Annotations"/>
      </group> <!-- Priority2 -->
    </groups>
    <test name="Smoke Testcases" duration-ms="62" started-at="2016-06-28T01:37:15Z" finished-at="2016-06-28T01:37:15Z">
      <class name="testngFiles.Annotations">
        <test-method status="PASS" signature="cookies()[pri:0, instance:testngFiles.Annotations@402f32ff]" name="cookies" is-config="true" duration-ms="1" started-at="2016-06-27T18:37:15Z" finished-at="2016-06-27T18:37:15Z">
          <reporter-output>
          </reporter-output>
        </test-method> <!-- cookies -->
        <test-method status="PASS" signature="userIdGeneration()[pri:0, instance:testngFiles.Annotations@402f32ff]" name="userIdGeneration" is-config="true" duration-ms="1" started-at="2016-06-27T18:37:15Z" finished-at="2016-06-27T18:37:15Z">
          <reporter-output>
          </reporter-output>
        </test-method> <!-- userIdGeneration -->
        <test-method status="PASS" signature="aOpenBrowser()[pri:0, instance:testngFiles.Annotations@402f32ff]" name="aOpenBrowser" duration-ms="2" started-at="2016-06-27T18:37:15Z" finished-at="2016-06-27T18:37:15Z">
          <reporter-output>
          </reporter-output>
        </test-method> <!-- aOpenBrowser -->
        <test-method status="PASS" signature="confirmUserId()[pri:0, instance:testngFiles.Annotations@402f32ff]" name="confirmUserId" is-config="true" duration-ms="0" started-at="2016-06-27T18:37:15Z" finished-at="2016-06-27T18:37:15Z">
          <reporter-output>
          </reporter-output>
        </test-method> <!-- confirmUserId -->
        <test-method status="SKIP" signature="flightBooking(java.lang.String)[pri:0, instance:testngFiles.Annotations@402f32ff]" name="flightBooking" duration-ms="0" started-at="2016-06-27T18:37:15Z" finished-at="2016-06-27T18:37:15Z">
          <exception class="org.testng.TestNGException">
            <message>
              <![CDATA[
Parameter 'adminUserId' is required by @Test on method flightBooking but has not been marked @Optional or defined
in /home/supershuttle/workspaceSelenium/FrameWork/Test-Output/testng.xml]]>
            </message>
            <full-stacktrace>
              <![CDATA[org.testng.TestNGException: 
Parameter 'adminUserId' is required by @Test on method flightBooking but has not been marked @Optional or defined
in /home/supershuttle/workspaceSelenium/FrameWork/Test-Output/testng.xml
	at org.testng.internal.Parameters.createParameters(Parameters.java:154)
	at org.testng.internal.Parameters.createParameters(Parameters.java:361)
	at org.testng.internal.Parameters.handleParameters(Parameters.java:451)
	at org.testng.internal.Invoker.handleParameters(Invoker.java:1243)
	at org.testng.internal.Invoker.createParameters(Invoker.java:992)
	at org.testng.internal.Invoker.invokeTestMethods(Invoker.java:1082)
	at org.testng.internal.TestMethodWorker.invokeTestMethods(TestMethodWorker.java:129)
	at org.testng.internal.TestMethodWorker.run(TestMethodWorker.java:112)
	at org.testng.TestRunner.privateRun(TestRunner.java:778)
	at org.testng.TestRunner.run(TestRunner.java:632)
	at org.testng.SuiteRunner.runTest(SuiteRunner.java:366)
	at org.testng.SuiteRunner.runSequentially(SuiteRunner.java:361)
	at org.testng.SuiteRunner.privateRun(SuiteRunner.java:319)
	at org.testng.SuiteRunner.run(SuiteRunner.java:268)
	at org.testng.SuiteRunnerWorker.runSuite(SuiteRunnerWorker.java:52)
	at org.testng.SuiteRunnerWorker.run(SuiteRunnerWorker.java:86)
	at org.testng.TestNG.runSuitesSequentially(TestNG.java:1225)
	at org.testng.TestNG.runSuitesLocally(TestNG.java:1150)
	at org.testng.TestNG.runSuites(TestNG.java:1075)
	at org.testng.TestNG.run(TestNG.java:1047)
	at org.testng.remote.AbstractRemoteTestNG.run(AbstractRemoteTestNG.java:126)
	at org.testng.remote.RemoteTestNG.initAndRun(RemoteTestNG.java:137)
	at org.testng.remote.RemoteTestNG.main(RemoteTestNG.java:58)
]]>
            </full-stacktrace>
          </exception> <!-- org.testng.TestNGException -->
          <reporter-output>
          </reporter-output>
        </test-method> <!-- flightBooking -->
        <test-method status="PASS" signature="userIdGeneration()[pri:0, instance:testngFiles.Annotations@402f32ff]" name="userIdGeneration" is-config="true" duration-ms="0" started-at="2016-06-27T18:37:15Z" finished-at="2016-06-27T18:37:15Z">
          <reporter-output>
          </reporter-output>
        </test-method> <!-- userIdGeneration -->
        <test-method status="PASS" signature="flightCancelling()[pri:0, instance:testngFiles.Annotations@402f32ff]" name="flightCancelling" duration-ms="3" started-at="2016-06-27T18:37:15Z" finished-at="2016-06-27T18:37:15Z">
          <reporter-output>
          </reporter-output>
        </test-method> <!-- flightCancelling -->
        <test-method status="PASS" signature="confirmUserId()[pri:0, instance:testngFiles.Annotations@402f32ff]" name="confirmUserId" is-config="true" duration-ms="1" started-at="2016-06-27T18:37:15Z" finished-at="2016-06-27T18:37:15Z">
          <reporter-output>
          </reporter-output>
        </test-method> <!-- confirmUserId -->
        <test-method status="PASS" signature="cookiesClose()[pri:0, instance:testngFiles.Annotations@402f32ff]" name="cookiesClose" is-config="true" duration-ms="0" started-at="2016-06-27T18:37:15Z" finished-at="2016-06-27T18:37:15Z">
          <reporter-output>
          </reporter-output>
        </test-method> <!-- cookiesClose -->
      </class> <!-- testngFiles.Annotations -->
      <class name="testngFiles.Annot2">
        <test-method status="PASS" signature="installSoftware()[pri:0, instance:testngFiles.Annot2@48eff760]" name="installSoftware" is-config="true" duration-ms="14" started-at="2016-06-27T18:37:15Z" finished-at="2016-06-27T18:37:15Z">
          <reporter-output>
          </reporter-output>
        </test-method> <!-- installSoftware -->
        <test-method status="PASS" signature="software()[pri:0, instance:testngFiles.Annot2@48eff760]" name="software" duration-ms="11" started-at="2016-06-27T18:37:15Z" finished-at="2016-06-27T18:37:15Z">
          <reporter-output>
          </reporter-output>
        </test-method> <!-- software -->
        <test-method status="PASS" signature="deinstallSoftware()[pri:0, instance:testngFiles.Annot2@48eff760]" name="deinstallSoftware" is-config="true" duration-ms="0" started-at="2016-06-27T18:37:15Z" finished-at="2016-06-27T18:37:15Z">
          <reporter-output>
          </reporter-output>
        </test-method> <!-- deinstallSoftware -->
      </class> <!-- testngFiles.Annot2 -->
    </test> <!-- Smoke Testcases -->
  </suite> <!-- Automation -->
</testng-results>
